
3579 27011 59243

//
segsites: 12
positions: 0.1823 0.3929 0.4067 0.6521 0.6533 0.6868 0.6900 0.7064 0.7072 0.7699 0.9834 0.9975 
010001100111
000101100100
000001100000
000001100000
000001100000
000000100100
000001100111
001111100000
110000100011
010000011100

//
segsites: 12
positions: 0.0235 0.1470 0.1945 0.2557 0.2651 0.5206 0.6949 0.8686 0.9186 0.9412 0.9731 0.9919 
000010010000
000110010010
001010011001
010010000101
000010010000
000010000000
000011101000
000001110000
000010000000
100011010000

//
segsites: 16
positions: 0.1111 0.1343 0.2353 0.2873 0.3359 0.3989 0.4410 0.4814 0.4928 0.7002 0.7285 0.8199 0.9357 0.9547 0.9823 0.9834 
1100000000010100
1100001001101100
1000010011101000
1010101100010100
0000010000001111
1000001100000000
1000001101001111
1000001100000000
1000001100000100
1001000000101111

//
segsites: 19
positions: 0.2192 0.2376 0.2895 0.4059 0.4179 0.4192 0.4199 0.4689 0.4803 0.4829 0.4952 0.5383 0.5675 0.5702 0.6198 0.6478 0.7862 0.8411 0.8416 
0011000100101010010
1010000010001000010
0010100001000110010
1010001010001001100
1010001010000110000
0110000000001010011
0010000000001000011
0000010001000110010
1010001010001001010
0110100000011001011

//
segsites: 8
positions: 0.0447 0.1180 0.1849 0.3084 0.4437 0.5131 0.5543 0.9836 
00000101
00000000
00010011
00010101
00000000
00000010
11010101
00000000
00101100
00010101

//
segsites: 19
positions: 0.0591 0.0788 0.0975 0.1124 0.1760 0.2186 0.4633 0.5265 0.5628 0.5690 0.5723 0.5729 0.6345 0.6628 0.7729 0.8086 0.8132 0.8858 0.9064 
0001000000000011000
0010011000000000110
0100100000000011000
0010001100000111000
1010000011011111000
0010000100000011000
0010000010110111000
0001000000000000000
0010010010000000000
0010011100000111001

//
segsites: 10
positions: 0.1415 0.2340 0.2879 0.4313 0.5252 0.6345 0.7460 0.7648 0.8193 0.8245 
0110100010
0001010101
0110000101
1101100001
0101100101
0101010101
0100101010
1100000101
0100000001
0000101010

//
segsites: 17
positions: 0.0125 0.0196 0.0443 0.1051 0.1325 0.1854 0.1952 0.2288 0.3168 0.3769 0.4803 0.5390 0.6140 0.6182 0.8229 0.8549 0.9544 
00000011000111100
00111010000011110
00100010000011111
00011000001000100
00010100000111100
00011000010011110
11010010000111010
00100011000011110
00000010100111100
00100010000011100

//
segsites: 19
positions: 0.0865 0.2441 0.3032 0.3276 0.3734 0.3868 0.5127 0.5132 0.5561 0.5791 0.6091 0.7278 0.8161 0.8530 0.8589 0.8809 0.8940 0.9561 0.9972 
0100011111011111010
0100011000001001000
0100011000010001000
0100011010101001010
0100000010010001010
1011101010001001001
0000000010011000110
0100010010011101010
0100011010011111010
0100011010011111010

//
segsites: 17
positions: 0.0092 0.0433 0.0830 0.0999 0.1263 0.3389 0.3421 0.4027 0.4906 0.5718 0.6212 0.7196 0.7331 0.7357 0.8224 0.9183 0.9654 
00000010000011000
00000100100001000
00000010001001010
00000011000000001
00000000000001010
11100011000100100
00001011000000010
00010010000000001
00000000000100100
00000010010100100
Total time: 0.035840
