
3579 27011 59243

//
segsites: 19
positions: 0.0122 0.0969 0.1638 0.2430 0.2538 0.3303 0.3963 0.4765 0.5270 0.5351 0.5539 0.6851 0.6871 0.6953 0.6989 0.7074 0.7586 0.8698 0.9907 
0011011010011101000
0100100010000101000
0010011000100101000
0010011000111100000
0010001001000101000
1010011001011000010
0010001001000101100
0010001001000101001
0110011000111000000
0010000110011010000

//
segsites: 14
positions: 0.1303 0.2318 0.3024 0.3180 0.3346 0.3731 0.4091 0.4303 0.5387 0.6734 0.8209 0.8286 0.9768 0.9943 
10101000110011
00010101011011
00010100000010
01010100001011
01010100001011
01010100000010
10101000111111
01010111011010
00010100000010
00101110001000

//
segsites: 18
positions: 0.0351 0.1670 0.1975 0.2262 0.3024 0.3346 0.3578 0.4223 0.6398 0.6450 0.6798 0.7863 0.8042 0.8154 0.8498 0.8909 0.9395 0.9917 
000100000100110000
100011010010110000
000101100010110000
010011010000000100
000101101101010000
010011011100110000
000101100000110110
011000011100110000
010000011100110000
000000010010001011

//
segsites: 24
positions: 0.0205 0.1157 0.1615 0.1768 0.2050 0.2285 0.3217 0.3703 0.3707 0.4787 0.5077 0.5158 0.6151 0.6499 0.6564 0.7001 0.7659 0.7839 0.7868 0.8045 0.8936 0.9324 0.9481 0.9481 
001110101011110000000000
000001001000000100001011
000001000000100101101111
101110000100110000001111
000001001011000100000000
000100000011000100011000
111101011000001100001011
000100000100110000000000
100001000100110000000000
100000000000000110001011

//
segsites: 13
positions: 0.0626 0.0715 0.1122 0.2282 0.2516 0.3060 0.3453 0.4761 0.4765 0.6111 0.6398 0.6917 0.9783 
0100010000000
1000100000001
1000000000001
0000101000011
0100010000000
0001000000011
0010100111010
0000010000100
0000010000100
0000100000001

//
segsites: 14
positions: 0.0076 0.0492 0.0794 0.1923 0.2045 0.3522 0.3627 0.5122 0.5170 0.5203 0.5322 0.5715 0.6873 0.9678 
11010011000000
11010010000010
11010010100001
10101010100010
11000100010000
10000000000010
00000000000010
00010010100010
11001011000000
11000001001101

//
segsites: 16
positions: 0.0525 0.0740 0.1076 0.1887 0.1995 0.2241 0.2335 0.2999 0.3428 0.3884 0.5612 0.6585 0.7349 0.7353 0.7370 0.7626 
0100111100100110
1010111000000110
0100111100100010
1001111000111001
1000100011000110
1010111000000110
1000111000000010
1000011000001000
0100111100100010
1001111000001000

//
segsites: 23
positions: 0.0671 0.0959 0.2043 0.2573 0.3437 0.4067 0.4104 0.4149 0.4177 0.4182 0.4431 0.4661 0.5305 0.5605 0.6459 0.6576 0.6626 0.7343 0.7583 0.7691 0.7879 0.8781 0.9747 
00010000000000000000100
00010110100000100010010
00000000000010011001001
00100101100000011101000
10000010100010000000000
00010101000110100010010
10001000001001000000001
00000110110010100000000
01010000000010011000000
00010000000010000000000

//
segsites: 18
positions: 0.0577 0.1169 0.3056 0.3878 0.4378 0.4616 0.4782 0.5049 0.6267 0.6358 0.7796 0.8299 0.8617 0.8867 0.8988 0.9098 0.9276 0.9725 
100000100010000011
001110101010100110
100000101110011001
010000111000000011
000000100000101001
000001000001000110
100000100000100110
000000100001011001
000000101010101011
000100101110011001

//
segsites: 18
positions: 0.0499 0.0930 0.1158 0.1356 0.1447 0.2461 0.2511 0.3545 0.3611 0.4096 0.4818 0.4964 0.6050 0.7508 0.7778 0.8515 0.8856 0.9221 
010111101010010000
011110010001010000
010111100010010000
011111100010000100
010111110010010000
100111100010000001
000101101010010000
000101100010011000
100111100010100110
010000000101000001
Total time: 0.033265
