\BOOKMARK [0][-]{chapter.1}{Methods implemented in \040CoMuS }{}% 1
\BOOKMARK [1][-]{section.1.1}{Hudson's ms mode}{chapter.1}% 2
\BOOKMARK [2][-]{subsection.1.1.1}{Infinite Site Model simulations}{section.1.1}% 3
\BOOKMARK [2][-]{subsection.1.1.2}{Finite Site Model simulations}{section.1.1}% 4
\BOOKMARK [2][-]{subsection.1.1.3}{Substitution rate heterogeneity among sites}{section.1.1}% 5
\BOOKMARK [2][-]{subsection.1.1.4}{Invariable sites}{section.1.1}% 6
\BOOKMARK [1][-]{section.1.2}{Multiple species simulations}{chapter.1}% 7
\BOOKMARK [2][-]{subsection.1.2.1}{ The guide phylogenetic tree }{section.1.2}% 8
\BOOKMARK [2][-]{subsection.1.2.2}{ Working with populations instead of species }{section.1.2}% 9
\BOOKMARK [2][-]{subsection.1.2.3}{Demographic events within species}{section.1.2}% 10
\BOOKMARK [2][-]{subsection.1.2.4}{Migration \(gene flow\) events}{section.1.2}% 11
\BOOKMARK [2][-]{subsection.1.2.5}{Joining population events}{section.1.2}% 12
\BOOKMARK [1][-]{section.1.3}{Partial isolation after a speciation event}{chapter.1}% 13
\BOOKMARK [2][-]{subsection.1.3.1}{Implementing partial isolation events using heterogeneous Poisson processes}{section.1.3}% 14
\BOOKMARK [1][-]{section.1.4}{Ancestral sampling}{chapter.1}% 15
\BOOKMARK [2][-]{subsection.1.4.1}{Modes of ancestral sampling}{section.1.4}% 16
\BOOKMARK [0][-]{chapter.2}{Examples}{}% 17
\BOOKMARK [1][-]{section.2.1}{ms-like commands}{chapter.2}% 18
\BOOKMARK [1][-]{section.2.2}{multiple species examples}{chapter.2}% 19
\BOOKMARK [0][-]{lstnumber.2.4.7}{Bibliography}{}% 20
